build/app/intermediates/manifest_merge_blame_file/debug/manifest-merger-blame-debug-report.txt
1<?xml version="1.0" encoding="utf-8"?>
2<manifest xmlns:android="http://schemas.android.com/apk/res/android"
3    package="com.tuco2"
4    android:versionCode="12"
5    android:versionName="1.0.0" >
6
7    <uses-sdk
8        android:minSdkVersion="20"
9        android:targetSdkVersion="33" />
10    <!--
11         The INTERNET permission is required for development. Specifically,
12         the Flutter tool needs it to communicate with the running application
13         to allow setting breakpoints, to provide hot reload, etc.
14    -->
15    <uses-permission android:name="android.permission.INTERNET" />
15-->src/main/AndroidManifest.xml:4:5-67
15-->src/main/AndroidManifest.xml:4:22-64
16    <uses-permission android:name="android.permission.ACCESS_NETWORK_STATE" />
16-->[:connectivity_plus] AndroidManifest.xml:9:5-79
16-->[:connectivity_plus] AndroidManifest.xml:9:22-76
17
18    <uses-feature
18-->[com.google.android.gms:play-services-maps:18.1.0] AndroidManifest.xml:26:5-28:35
19        android:glEsVersion="0x00020000"
19-->[com.google.android.gms:play-services-maps:18.1.0] AndroidManifest.xml:27:9-41
20        android:required="true" />
20-->[com.google.android.gms:play-services-maps:18.1.0] AndroidManifest.xml:28:9-32
21
22    <queries>
22-->[com.google.android.gms:play-services-maps:18.1.0] AndroidManifest.xml:30:5-34:15
23
24        <!-- Needs to be explicitly declared on Android R+ -->
25        <package android:name="com.google.android.apps.maps" />
25-->[com.google.android.gms:play-services-maps:18.1.0] AndroidManifest.xml:33:9-64
25-->[com.google.android.gms:play-services-maps:18.1.0] AndroidManifest.xml:33:18-61
26    </queries>
27
28    <application
29        android:name="io.flutter.app.FlutterMultiDexApplication"
30        android:appComponentFactory="androidx.core.app.CoreComponentFactory"
30-->[androidx.core:core:1.8.0] AndroidManifest.xml:24:18-86
31        android:debuggable="true"
32        android:icon="@mipmap/launcher_icon"
33        android:label="tuco2" >
34        <activity
35            android:name="com.tuco2.MainActivity"
36            android:configChanges="orientation|keyboardHidden|keyboard|screenSize|smallestScreenSize|locale|layoutDirection|fontScale|screenLayout|density|uiMode"
37            android:exported="true"
38            android:hardwareAccelerated="true"
39            android:launchMode="singleTop"
40            android:theme="@style/LaunchTheme"
41            android:windowSoftInputMode="adjustResize" >
42
43            <!--
44                 Specifies an Android theme to apply to this Activity as soon as
45                 the Android process has started. This theme is visible to the user
46                 while the Flutter UI initializes. After that, this theme continues
47                 to determine the Window background behind the Flutter UI.
48            -->
49            <meta-data
50                android:name="io.flutter.embedding.android.NormalTheme"
51                android:resource="@style/NormalTheme" />
52            <meta-data
53                android:name="io.flutter.embedding.android.SplashScreenDrawable"
54                android:resource="@drawable/launch_background" />
55
56            <intent-filter>
57                <action android:name="android.intent.action.MAIN" />
58
59                <category android:name="android.intent.category.LAUNCHER" />
60            </intent-filter>
61        </activity>
62        <!--
63             Don't delete the meta-data below.
64             This is used by the Flutter tool to generate GeneratedPluginRegistrant.java
65        -->
66        <meta-data
67            android:name="flutterEmbedding"
68            android:value="2" />
69
70        <provider
70-->[:image_picker_android] AndroidManifest.xml:10:9-18:20
71            android:name="io.flutter.plugins.imagepicker.ImagePickerFileProvider"
71-->[:image_picker_android] AndroidManifest.xml:11:13-82
72            android:authorities="com.tuco2.flutter.image_provider"
72-->[:image_picker_android] AndroidManifest.xml:12:13-74
73            android:exported="false"
73-->[:image_picker_android] AndroidManifest.xml:13:13-37
74            android:grantUriPermissions="true" >
74-->[:image_picker_android] AndroidManifest.xml:14:13-47
75            <meta-data
75-->[:image_picker_android] AndroidManifest.xml:15:13-17:75
76                android:name="android.support.FILE_PROVIDER_PATHS"
76-->[:image_picker_android] AndroidManifest.xml:16:17-67
77                android:resource="@xml/flutter_image_picker_file_paths" />
77-->[:image_picker_android] AndroidManifest.xml:17:17-72
78        </provider>
79
80        <activity
80-->[:viva_wallet_pos] AndroidManifest.xml:10:9-24:20
81            android:name="hr.drigler.viva_wallet_pos.ResponseActivity"
81-->[:viva_wallet_pos] AndroidManifest.xml:11:13-71
82            android:exported="true" >
82-->[:viva_wallet_pos] AndroidManifest.xml:12:13-36
83            <intent-filter>
83-->[:viva_wallet_pos] AndroidManifest.xml:13:13-23:29
84                <action android:name=".ResponseActivity" />
85                <action android:name="android.intent.action.VIEW" />
85-->[:viva_wallet_pos] AndroidManifest.xml:15:17-69
85-->[:viva_wallet_pos] AndroidManifest.xml:15:25-66
86
87                <category android:name="android.intent.category.DEFAULT" />
87-->[:viva_wallet_pos] AndroidManifest.xml:17:17-76
87-->[:viva_wallet_pos] AndroidManifest.xml:17:27-73
88                <category android:name="android.intent.category.BROWSABLE" />
88-->[:viva_wallet_pos] AndroidManifest.xml:18:17-78
88-->[:viva_wallet_pos] AndroidManifest.xml:18:27-75
89                <!-- CALLBACK SCHEME -->
90                <data
90-->[:viva_wallet_pos] AndroidManifest.xml:20:17-22:60
91                    android:host="result"
91-->[:viva_wallet_pos] AndroidManifest.xml:21:21-42
92                    android:scheme="com.tuco2_cb" />
92-->[:viva_wallet_pos] AndroidManifest.xml:22:21-57
93            </intent-filter>
94        </activity>
95        <activity
95-->[:url_launcher_android] AndroidManifest.xml:10:9-13:74
96            android:name="io.flutter.plugins.urllauncher.WebViewActivity"
96-->[:url_launcher_android] AndroidManifest.xml:11:13-74
97            android:exported="false"
97-->[:url_launcher_android] AndroidManifest.xml:12:13-37
98            android:theme="@android:style/Theme.NoTitleBar.Fullscreen" />
98-->[:url_launcher_android] AndroidManifest.xml:13:13-71
99
100        <uses-library
100-->[androidx.window:window:1.0.0-beta04] AndroidManifest.xml:25:9-27:40
101            android:name="androidx.window.extensions"
101-->[androidx.window:window:1.0.0-beta04] AndroidManifest.xml:26:13-54
102            android:required="false" />
102-->[androidx.window:window:1.0.0-beta04] AndroidManifest.xml:27:13-37
103        <uses-library
103-->[androidx.window:window:1.0.0-beta04] AndroidManifest.xml:28:9-30:40
104            android:name="androidx.window.sidecar"
104-->[androidx.window:window:1.0.0-beta04] AndroidManifest.xml:29:13-51
105            android:required="false" /> <!-- Needs to be explicitly declared on P+ -->
105-->[androidx.window:window:1.0.0-beta04] AndroidManifest.xml:30:13-37
106        <uses-library
106-->[com.google.android.gms:play-services-maps:18.1.0] AndroidManifest.xml:39:9-41:40
107            android:name="org.apache.http.legacy"
107-->[com.google.android.gms:play-services-maps:18.1.0] AndroidManifest.xml:40:13-50
108            android:required="false" />
108-->[com.google.android.gms:play-services-maps:18.1.0] AndroidManifest.xml:41:13-37
109
110        <activity
110-->[com.google.android.gms:play-services-base:18.0.1] AndroidManifest.xml:20:9-22:45
111            android:name="com.google.android.gms.common.api.GoogleApiActivity"
111-->[com.google.android.gms:play-services-base:18.0.1] AndroidManifest.xml:20:19-85
112            android:exported="false"
112-->[com.google.android.gms:play-services-base:18.0.1] AndroidManifest.xml:22:19-43
113            android:theme="@android:style/Theme.Translucent.NoTitleBar" />
113-->[com.google.android.gms:play-services-base:18.0.1] AndroidManifest.xml:21:19-78
114
115        <meta-data
115-->[com.google.android.gms:play-services-basement:18.0.0] AndroidManifest.xml:21:9-23:69
116            android:name="com.google.android.gms.version"
116-->[com.google.android.gms:play-services-basement:18.0.0] AndroidManifest.xml:22:13-58
117            android:value="@integer/google_play_services_version" />
117-->[com.google.android.gms:play-services-basement:18.0.0] AndroidManifest.xml:23:13-66
118    </application>
119
120</manifest>